<?xml version="1.0" encoding="UTF-8"?>
<!-- Generated by org.testng.reporters.JUnitXMLReporter -->
<testsuite ignored="0" hostname="LAPTOP-G35UHTEH" failures="0" tests="3" name="Surefire test" time="37.627" errors="0" timestamp="2024-10-02T16:21:20 CDT">
  <testcase classname="Tests.AddingitemtocartTest" name="Additemtocart" time="5.017"/>
  <testcase classname="Tests.LoginTest" name="login" time="2.24"/>
  <testcase classname="Tests.RegisterTest" name="RegisterTest1" time="3.62"/>
</testsuite> <!-- Surefire test -->
